#
# A fatal error has been detected by the Java Runtime Environment:
#
#  EXCEPTION_ACCESS_VIOLATION (0xc0000005) at pc=0x000001bf3d56112d, pid=8052, tid=3360
#
# JRE version: OpenJDK Runtime Environment Corretto-11.0.25.9.1 (11.0.25+9) (build 11.0.25+9-LTS)
# Java VM: OpenJDK 64-Bit Server VM Corretto-11.0.25.9.1 (11.0.25+9-LTS, mixed mode, tiered, compressed oops, g1 gc, windows-amd64)
# Problematic frame:
# v  ~StubRoutines::get_previous_fp
#
# No core dump will be written. Minidumps are not enabled by default on client versions of Windows
#
# If you would like to submit a bug report, please visit:
#   https://github.com/corretto/corretto-11/issues/
#

---------------  S U M M A R Y ------------

Command Line: -javaagent:C:\\Users\\Стас\\.m2\\repository\\org\\jacoco\\org.jacoco.agent\\0.8.5\\org.jacoco.agent-0.8.5-runtime.jar=destfile=C:\\Users\\Стас\\IdeaProjects\\mymvn4\\target\\jacoco.exec C:\Users\91AF~1\AppData\Local\Temp\surefire13454722467756313599\surefirebooter8062098322310319614.jar C:\Users\Стас\AppData\Local\Temp\surefire13454722467756313599 2025-01-11T17-25-19_655-jvmRun1 surefire9939060725198411100tmp surefire_015868051986115780309tmp

Host: Intel(R) Core(TM) i5-7200U CPU @ 2.50GHz, 4 cores, 5G,  Windows 10 , 64 bit Build 19041 (10.0.19041.5198)
Time: Sat Jan 11 17:25:20 2025 RTZ 2 (s 10 , 64 bit Build 19041 (10.0.19041.5198) elapsed time: 0.251118 seconds (0d 0h 0m 0s)

---------------  T H R E A D  ---------------

Current thread (0x000001bf34db1800):  JavaThread "main" [_thread_in_vm, id=3360, stack(0x00000017a8800000,0x00000017a8900000)]

Stack: [0x00000017a8800000,0x00000017a8900000],  sp=0x00000017a88ff1c0,  free space=1020k
Native frames: (J=compiled Java code, j=interpreted, Vv=VM code, C=native code)
C  0x000001bf3d56112d


siginfo: EXCEPTION_ACCESS_VIOLATION (0xc0000005), reading address 0x00000000000003d8


Register to memory mapping:

RIP=0x000001bf3d56112d is at begin+8 in a stub
StubRoutines::get_previous_fp [0x000001bf3d561125, 0x000001bf3d561132[ (13 bytes)
RAX=0x00000000000003d8 is an unknown value
RBX=0x00000017a88ff260 is pointing into the stack for thread: 0x000001bf34db1800
RCX=0x00000017a88ff260 is pointing into the stack for thread: 0x000001bf34db1800
RDX=0x0 is NULL
RSP=0x00000017a88ff1c0 is pointing into the stack for thread: 0x000001bf34db1800
RBP=0x00000017a88ff1c0 is pointing into the stack for thread: 0x000001bf34db1800
RSI=0x0 is NULL
RDI=0x000001bf34db1800 is a thread
R8 =0x00000017a88ff138 is pointing into the stack for thread: 0x000001bf34db1800
R9 =0x0000000000000001 is an unknown value
R10=0x0 is NULL
R11=0x00000017a88ff1f0 is pointing into the stack for thread: 0x000001bf34db1800
R12=0x000001bf34db20e8 points into unknown readable memory: 0x08036c0ff1f76c7b | 7b 6c f7 f1 0f 6c 03 08
R13=0x000001bf52255a48 points into unknown readable memory: 0x000001bf32b719d0 | d0 19 b7 32 bf 01 00 00
R14=0x000001bf52c64c20 points into unknown readable memory: 0x000001bf52291bb0 | b0 1b 29 52 bf 01 00 00
R15=0x000001bf34db1d10 points into unknown readable memory: 0x0072006f006d0020 | 20 00 6d 00 6f 00 72 00


Registers:
RAX=0x00000000000003d8, RBX=0x00000017a88ff260, RCX=0x00000017a88ff260, RDX=0x0000000000000000
RSP=0x00000017a88ff1c0, RBP=0x00000017a88ff1c0, RSI=0x0000000000000000, RDI=0x000001bf34db1800
R8 =0x00000017a88ff138, R9 =0x0000000000000001, R10=0x0000000000000000, R11=0x00000017a88ff1f0
R12=0x000001bf34db20e8, R13=0x000001bf52255a48, R14=0x000001bf52c64c20, R15=0x000001bf34db1d10
RIP=0x000001bf3d56112d, EFLAGS=0x0000000000010202

Top of Stack: (sp=0x00000017a88ff1c0)
0x00000017a88ff1c0:   00000000000003d8 00007ffac74f5f66
0x00000017a88ff1d0:   00000000000000af 00000017a88ff2c0
0x00000017a88ff1e0:   00007ffb031782d0 00007ffb0836b3e4
0x00000017a88ff1f0:   000001bf34db1d00 00007ffac6f7272c
0x00000017a88ff200:   000001bf34db1800 000001bf32b6de10
0x00000017a88ff210:   00000000000007d0 0000000000007fd8
0x00000017a88ff220:   000001bf34db1800 00007ffac764a381
0x00000017a88ff230:   000001bf32b6de10 000001bf34db1d00
0x00000017a88ff240:   000001bf34db1d00 000001bf52220028
0x00000017a88ff250:   000001bf34d964e8 00007ffb0317148c
0x00000017a88ff260:   0000000000000000 0000000000000024
0x00000017a88ff270:   00007ffb031782d0 00000017a88ff2c0
0x00000017a88ff280:   00007ffb0843f540 0000000000000000
0x00000017a88ff290:   00001b2e9236074d 00007ffb03177ae0
0x00000017a88ff2a0:   000001bf34db1800 00007ffac74f86b0
0x00000017a88ff2b0:   000001bf34db1b50 00007ffb031782d0 

Instructions: (pc=0x000001bf3d56112d)
0x000001bf3d56102d:   84 83 00 00 00 83 fa 07 0f 84 80 00 00 00 89 01
0x000001bf3d56103d:   48 8d a5 28 fe ff ff c5 fa 6f 75 b8 c5 fa 6f 7d
0x000001bf3d56104d:   a8 c5 7a 6f 45 98 c5 7a 6f 4d 88 c5 7a 6f 95 78
0x000001bf3d56105d:   ff ff ff c5 7a 6f 9d 68 ff ff ff c5 7a 6f a5 58
0x000001bf3d56106d:   ff ff ff c5 7a 6f ad 48 ff ff ff c5 7a 6f b5 38
0x000001bf3d56107d:   ff ff ff c5 7a 6f bd 28 ff ff ff 4c 8b 7d c8 4c
0x000001bf3d56108d:   8b 75 d0 4c 8b 6d d8 4c 8b 65 e0 48 8b 5d f8 48
0x000001bf3d56109d:   8b 7d e8 48 8b 75 f0 48 81 c4 d8 01 00 00 c5 f8
0x000001bf3d5610ad:   77 5d c3 48 89 01 eb 88 c5 fa 11 01 eb 82 c5 fb
0x000001bf3d5610bd:   11 01 e9 79 ff ff ff 49 89 47 08 49 ba 40 67 7f
0x000001bf3d5610cd:   c7 fa 7f 00 00 4d 89 57 10 41 c7 47 18 da 01 00
0x000001bf3d5610dd:   00 e9 2d ff ff ff 8b c1 87 02 c3 48 8b c1 48 87
0x000001bf3d5610ed:   02 c3 41 8b c0 f0 0f b1 0a c3 49 0f be c0 f0 0f
0x000001bf3d5610fd:   b0 0a c3 49 8b c0 f0 48 0f b1 0a c3 8b c1 f0 0f
0x000001bf3d56110d:   c1 0a 03 c1 c3 48 8b c1 f0 48 0f c1 0a 48 03 c1
0x000001bf3d56111d:   c3 f0 83 44 24 c0 00 c3 55 48 8b ec 48 8b 45 00
0x000001bf3d56112d:   48 8b 00 5d c3 48 8b c4 48 83 c0 08 c3 c3 0f 1f
0x000001bf3d56113d:   44 00 00 55 48 8b ec 49 b9 70 25 95 c7 fa 7f 00
0x000001bf3d56114d:   00 f7 d1 41 83 f8 10 0f 8c 38 02 00 00 44 8b da
0x000001bf3d56115d:   41 83 e3 0f 74 23 41 83 eb 10 45 03 c3 66 90 0f
0x000001bf3d56116d:   be 02 33 c1 81 e0 ff 00 00 00 c1 e9 08 41 33 0c
0x000001bf3d56117d:   81 48 ff c2 41 ff c3 7c e6 45 8b d8 41 c1 e8 04
0x000001bf3d56118d:   0f 84 fc 01 00 00 c5 f9 6f 0a c5 f9 7e c8 33 c8
0x000001bf3d56119d:   c4 e3 71 22 c9 00 48 83 c2 10 41 83 e8 04 0f 8c
0x000001bf3d5611ad:   d7 00 00 00 c5 f9 6f 12 c5 f9 6f 5a 10 c5 f9 6f
0x000001bf3d5611bd:   62 20 48 83 c2 30 41 83 e8 03 0f 8e 70 00 00 00
0x000001bf3d5611cd:   49 ba 60 25 95 c7 fa 7f 00 00 c4 c1 7a 6f 02 0f
0x000001bf3d5611dd:   1f 40 00 c4 e3 79 44 e9 11 c4 e3 79 44 c9 00 c5
0x000001bf3d5611ed:   f1 ef 0a c5 f1 ef cd c4 e3 79 44 ea 11 c4 e3 79
0x000001bf3d5611fd:   44 d2 00 c5 e9 ef 52 10 c5 e9 ef d5 c4 e3 79 44
0x000001bf3d56120d:   eb 11 c4 e3 79 44 db 00 c5 e1 ef 5a 20 c5 e1 ef
0x000001bf3d56121d:   dd c4 e3 79 44 ec 11 c4 e3 79 44 e4 00 c5 d9 ef 


Stack slot to memory mapping:
stack at sp + 0 slots: 0x00000000000003d8 is an unknown value
stack at sp + 1 slots: 0x00007ffac74f5f66 jvm.dll
stack at sp + 2 slots: 0x00000000000000af is an unknown value
stack at sp + 3 slots: 0x00000017a88ff2c0 is pointing into the stack for thread: 0x000001bf34db1800
stack at sp + 4 slots: 0x00007ffb031782d0 instrument.dll
stack at sp + 5 slots: 0x00007ffb0836b3e4 ucrtbase.dll
stack at sp + 6 slots: 0x000001bf34db1d00 points into unknown readable memory: 0x000001bf52c64c10 | 10 4c c6 52 bf 01 00 00
stack at sp + 7 slots: 0x00007ffac6f7272c jvm.dll

StubRoutines::get_previous_fp [0x000001bf3d561125, 0x000001bf3d561132[ (13 bytes)
---------------  P R O C E S S  ---------------

Threads class SMR info:
_java_thread_list=0x000001bf52d32f30, length=11, elements={
0x000001bf34db1800, 0x000001bf52245000, 0x000001bf5224f000, 0x000001bf52264000,
0x000001bf52265000, 0x000001bf52266800, 0x000001bf5226b000, 0x000001bf52270000,
0x000001bf52276000, 0x000001bf52d35000, 0x000001bf52d5c800
}

Java Threads: ( => current thread )
=>0x000001bf34db1800 JavaThread "main" [_thread_in_vm, id=3360, stack(0x00000017a8800000,0x00000017a8900000)]
  0x000001bf52245000 JavaThread "Reference Handler" daemon [_thread_blocked, id=9700, stack(0x00000017a8f00000,0x00000017a9000000)]
  0x000001bf5224f000 JavaThread "Finalizer" daemon [_thread_blocked, id=21656, stack(0x00000017a9000000,0x00000017a9100000)]
  0x000001bf52264000 JavaThread "Signal Dispatcher" daemon [_thread_blocked, id=15344, stack(0x00000017a9100000,0x00000017a9200000)]
  0x000001bf52265000 JavaThread "Attach Listener" daemon [_thread_blocked, id=21452, stack(0x00000017a9200000,0x00000017a9300000)]
  0x000001bf52266800 JavaThread "Service Thread" daemon [_thread_blocked, id=5064, stack(0x00000017a9300000,0x00000017a9400000)]
  0x000001bf5226b000 JavaThread "C2 CompilerThread0" daemon [_thread_blocked, id=2204, stack(0x00000017a9400000,0x00000017a9500000)]
  0x000001bf52270000 JavaThread "C1 CompilerThread0" daemon [_thread_blocked, id=11368, stack(0x00000017a9500000,0x00000017a9600000)]
  0x000001bf52276000 JavaThread "Sweeper thread" daemon [_thread_blocked, id=13860, stack(0x00000017a9600000,0x00000017a9700000)]
  0x000001bf52d35000 JavaThread "Common-Cleaner" daemon [_thread_blocked, id=16592, stack(0x00000017a9700000,0x00000017a9800000)]
  0x000001bf52d5c800 JavaThread "C2 CompilerThread1" daemon [_thread_blocked, id=15176, stack(0x00000017a9800000,0x00000017a9900000)]

Other Threads:
  0x000001bf5221f800 VMThread "VM Thread" [stack: 0x00000017a8e00000,0x00000017a8f00000] [id=11312]
  0x000001bf34dca000 GCTaskThread "GC Thread#0" [stack: 0x00000017a8900000,0x00000017a8a00000] [id=18680]
  0x000001bf34def000 ConcurrentGCThread "G1 Main Marker" [stack: 0x00000017a8a00000,0x00000017a8b00000] [id=2172]
  0x000001bf34df2800 ConcurrentGCThread "G1 Conc#0" [stack: 0x00000017a8b00000,0x00000017a8c00000] [id=8048]
  0x000001bf34e64800 ConcurrentGCThread "G1 Refine#0" [stack: 0x00000017a8c00000,0x00000017a8d00000] [id=9060]
  0x000001bf34e65800 ConcurrentGCThread "G1 Young RemSet Sampling" [stack: 0x00000017a8d00000,0x00000017a8e00000] [id=13996]

Threads with active compile tasks:

VM state:not at safepoint (normal execution)

VM Mutex/Monitor currently owned by a thread: None

Heap address: 0x00000000a1c00000, size: 1508 MB, Compressed Oops mode: 32-bit
Narrow klass base: 0x0000000000000000, Narrow klass shift: 3
Compressed class space size: 1073741824 Address: 0x0000000100000000

Heap:
 garbage-first heap   total 98304K, used 2048K [0x00000000a1c00000, 0x0000000100000000)
  region size 1024K, 3 young (3072K), 0 survivors (0K)
 Metaspace       used 6667K, capacity 6786K, committed 6912K, reserved 1056768K
  class space    used 579K, capacity 643K, committed 768K, reserved 1048576K
Heap Regions: E=young(eden), S=young(survivor), O=old, HS=humongous(starts), HC=humongous(continues), CS=collection set, F=free, A=archive, TAMS=top-at-mark-start (previous, next)
|   0|0x00000000a1c00000, 0x00000000a1c00000, 0x00000000a1d00000|  0%| F|  |TAMS 0x00000000a1c00000, 0x00000000a1c00000| Untracked 
|   1|0x00000000a1d00000, 0x00000000a1d00000, 0x00000000a1e00000|  0%| F|  |TAMS 0x00000000a1d00000, 0x00000000a1d00000| Untracked 
|   2|0x00000000a1e00000, 0x00000000a1e00000, 0x00000000a1f00000|  0%| F|  |TAMS 0x00000000a1e00000, 0x00000000a1e00000| Untracked 
|   3|0x00000000a1f00000, 0x00000000a1f00000, 0x00000000a2000000|  0%| F|  |TAMS 0x00000000a1f00000, 0x00000000a1f00000| Untracked 
|   4|0x00000000a2000000, 0x00000000a2000000, 0x00000000a2100000|  0%| F|  |TAMS 0x00000000a2000000, 0x00000000a2000000| Untracked 
|   5|0x00000000a2100000, 0x00000000a2100000, 0x00000000a2200000|  0%| F|  |TAMS 0x00000000a2100000, 0x00000000a2100000| Untracked 
|   6|0x00000000a2200000, 0x00000000a2200000, 0x00000000a2300000|  0%| F|  |TAMS 0x00000000a2200000, 0x00000000a2200000| Untracked 
|   7|0x00000000a2300000, 0x00000000a2300000, 0x00000000a2400000|  0%| F|  |TAMS 0x00000000a2300000, 0x00000000a2300000| Untracked 
|   8|0x00000000a2400000, 0x00000000a2400000, 0x00000000a2500000|  0%| F|  |TAMS 0x00000000a2400000, 0x00000000a2400000| Untracked 
|   9|0x00000000a2500000, 0x00000000a2500000, 0x00000000a2600000|  0%| F|  |TAMS 0x00000000a2500000, 0x00000000a2500000| Untracked 
|  10|0x00000000a2600000, 0x00000000a2600000, 0x00000000a2700000|  0%| F|  |TAMS 0x00000000a2600000, 0x00000000a2600000| Untracked 
|  11|0x00000000a2700000, 0x00000000a2700000, 0x00000000a2800000|  0%| F|  |TAMS 0x00000000a2700000, 0x00000000a2700000| Untracked 
|  12|0x00000000a2800000, 0x00000000a2800000, 0x00000000a2900000|  0%| F|  |TAMS 0x00000000a2800000, 0x00000000a2800000| Untracked 
|  13|0x00000000a2900000, 0x00000000a2900000, 0x00000000a2a00000|  0%| F|  |TAMS 0x00000000a2900000, 0x00000000a2900000| Untracked 
|  14|0x00000000a2a00000, 0x00000000a2a00000, 0x00000000a2b00000|  0%| F|  |TAMS 0x00000000a2a00000, 0x00000000a2a00000| Untracked 
|  15|0x00000000a2b00000, 0x00000000a2b00000, 0x00000000a2c00000|  0%| F|  |TAMS 0x00000000a2b00000, 0x00000000a2b00000| Untracked 
|  16|0x00000000a2c00000, 0x00000000a2c00000, 0x00000000a2d00000|  0%| F|  |TAMS 0x00000000a2c00000, 0x00000000a2c00000| Untracked 
|  17|0x00000000a2d00000, 0x00000000a2d00000, 0x00000000a2e00000|  0%| F|  |TAMS 0x00000000a2d00000, 0x00000000a2d00000| Untracked 
|  18|0x00000000a2e00000, 0x00000000a2e00000, 0x00000000a2f00000|  0%| F|  |TAMS 0x00000000a2e00000, 0x00000000a2e00000| Untracked 
|  19|0x00000000a2f00000, 0x00000000a2f00000, 0x00000000a3000000|  0%| F|  |TAMS 0x00000000a2f00000, 0x00000000a2f00000| Untracked 
|  20|0x00000000a3000000, 0x00000000a3000000, 0x00000000a3100000|  0%| F|  |TAMS 0x00000000a3000000, 0x00000000a3000000| Untracked 
|  21|0x00000000a3100000, 0x00000000a3100000, 0x00000000a3200000|  0%| F|  |TAMS 0x00000000a3100000, 0x00000000a3100000| Untracked 
|  22|0x00000000a3200000, 0x00000000a3200000, 0x00000000a3300000|  0%| F|  |TAMS 0x00000000a3200000, 0x00000000a3200000| Untracked 
|  23|0x00000000a3300000, 0x00000000a3300000, 0x00000000a3400000|  0%| F|  |TAMS 0x00000000a3300000, 0x00000000a3300000| Untracked 
|  24|0x00000000a3400000, 0x00000000a3400000, 0x00000000a3500000|  0%| F|  |TAMS 0x00000000a3400000, 0x00000000a3400000| Untracked 
|  25|0x00000000a3500000, 0x00000000a3500000, 0x00000000a3600000|  0%| F|  |TAMS 0x00000000a3500000, 0x00000000a3500000| Untracked 
|  26|0x00000000a3600000, 0x00000000a3600000, 0x00000000a3700000|  0%| F|  |TAMS 0x00000000a3600000, 0x00000000a3600000| Untracked 
|  27|0x00000000a3700000, 0x00000000a3700000, 0x00000000a3800000|  0%| F|  |TAMS 0x00000000a3700000, 0x00000000a3700000| Untracked 
|  28|0x00000000a3800000, 0x00000000a3800000, 0x00000000a3900000|  0%| F|  |TAMS 0x00000000a3800000, 0x00000000a3800000| Untracked 
|  29|0x00000000a3900000, 0x00000000a3900000, 0x00000000a3a00000|  0%| F|  |TAMS 0x00000000a3900000, 0x00000000a3900000| Untracked 
|  30|0x00000000a3a00000, 0x00000000a3a00000, 0x00000000a3b00000|  0%| F|  |TAMS 0x00000000a3a00000, 0x00000000a3a00000| Untracked 
|  31|0x00000000a3b00000, 0x00000000a3b00000, 0x00000000a3c00000|  0%| F|  |TAMS 0x00000000a3b00000, 0x00000000a3b00000| Untracked 
|  32|0x00000000a3c00000, 0x00000000a3c00000, 0x00000000a3d00000|  0%| F|  |TAMS 0x00000000a3c00000, 0x00000000a3c00000| Untracked 
|  33|0x00000000a3d00000, 0x00000000a3d00000, 0x00000000a3e00000|  0%| F|  |TAMS 0x00000000a3d00000, 0x00000000a3d00000| Untracked 
|  34|0x00000000a3e00000, 0x00000000a3e00000, 0x00000000a3f00000|  0%| F|  |TAMS 0x00000000a3e00000, 0x00000000a3e00000| Untracked 
|  35|0x00000000a3f00000, 0x00000000a3f00000, 0x00000000a4000000|  0%| F|  |TAMS 0x00000000a3f00000, 0x00000000a3f00000| Untracked 
|  36|0x00000000a4000000, 0x00000000a4000000, 0x00000000a4100000|  0%| F|  |TAMS 0x00000000a4000000, 0x00000000a4000000| Untracked 
|  37|0x00000000a4100000, 0x00000000a4100000, 0x00000000a4200000|  0%| F|  |TAMS 0x00000000a4100000, 0x00000000a4100000| Untracked 
|  38|0x00000000a4200000, 0x00000000a4200000, 0x00000000a4300000|  0%| F|  |TAMS 0x00000000a4200000, 0x00000000a4200000| Untracked 
|  39|0x00000000a4300000, 0x00000000a4300000, 0x00000000a4400000|  0%| F|  |TAMS 0x00000000a4300000, 0x00000000a4300000| Untracked 
|  40|0x00000000a4400000, 0x00000000a4400000, 0x00000000a4500000|  0%| F|  |TAMS 0x00000000a4400000, 0x00000000a4400000| Untracked 
|  41|0x00000000a4500000, 0x00000000a4500000, 0x00000000a4600000|  0%| F|  |TAMS 0x00000000a4500000, 0x00000000a4500000| Untracked 
|  42|0x00000000a4600000, 0x00000000a4600000, 0x00000000a4700000|  0%| F|  |TAMS 0x00000000a4600000, 0x00000000a4600000| Untracked 
|  43|0x00000000a4700000, 0x00000000a4700000, 0x00000000a4800000|  0%| F|  |TAMS 0x00000000a4700000, 0x00000000a4700000| Untracked 
|  44|0x00000000a4800000, 0x00000000a4800000, 0x00000000a4900000|  0%| F|  |TAMS 0x00000000a4800000, 0x00000000a4800000| Untracked 
|  45|0x00000000a4900000, 0x00000000a4900000, 0x00000000a4a00000|  0%| F|  |TAMS 0x00000000a4900000, 0x00000000a4900000| Untracked 
|  46|0x00000000a4a00000, 0x00000000a4a00000, 0x00000000a4b00000|  0%| F|  |TAMS 0x00000000a4a00000, 0x00000000a4a00000| Untracked 
|  47|0x00000000a4b00000, 0x00000000a4b00000, 0x00000000a4c00000|  0%| F|  |TAMS 0x00000000a4b00000, 0x00000000a4b00000| Untracked 
|  48|0x00000000a4c00000, 0x00000000a4c00000, 0x00000000a4d00000|  0%| F|  |TAMS 0x00000000a4c00000, 0x00000000a4c00000| Untracked 
|  49|0x00000000a4d00000, 0x00000000a4d00000, 0x00000000a4e00000|  0%| F|  |TAMS 0x00000000a4d00000, 0x00000000a4d00000| Untracked 
|  50|0x00000000a4e00000, 0x00000000a4e00000, 0x00000000a4f00000|  0%| F|  |TAMS 0x00000000a4e00000, 0x00000000a4e00000| Untracked 
|  51|0x00000000a4f00000, 0x00000000a4f00000, 0x00000000a5000000|  0%| F|  |TAMS 0x00000000a4f00000, 0x00000000a4f00000| Untracked 
|  52|0x00000000a5000000, 0x00000000a5000000, 0x00000000a5100000|  0%| F|  |TAMS 0x00000000a5000000, 0x00000000a5000000| Untracked 
|  53|0x00000000a5100000, 0x00000000a5100000, 0x00000000a5200000|  0%| F|  |TAMS 0x00000000a5100000, 0x00000000a5100000| Untracked 
|  54|0x00000000a5200000, 0x00000000a5200000, 0x00000000a5300000|  0%| F|  |TAMS 0x00000000a5200000, 0x00000000a5200000| Untracked 
|  55|0x00000000a5300000, 0x00000000a5300000, 0x00000000a5400000|  0%| F|  |TAMS 0x00000000a5300000, 0x00000000a5300000| Untracked 
|  56|0x00000000a5400000, 0x00000000a5400000, 0x00000000a5500000|  0%| F|  |TAMS 0x00000000a5400000, 0x00000000a5400000| Untracked 
|  57|0x00000000a5500000, 0x00000000a5500000, 0x00000000a5600000|  0%| F|  |TAMS 0x00000000a5500000, 0x00000000a5500000| Untracked 
|  58|0x00000000a5600000, 0x00000000a5600000, 0x00000000a5700000|  0%| F|  |TAMS 0x00000000a5600000, 0x00000000a5600000| Untracked 
|  59|0x00000000a5700000, 0x00000000a5700000, 0x00000000a5800000|  0%| F|  |TAMS 0x00000000a5700000, 0x00000000a5700000| Untracked 
|  60|0x00000000a5800000, 0x00000000a5800000, 0x00000000a5900000|  0%| F|  |TAMS 0x00000000a5800000, 0x00000000a5800000| Untracked 
|  61|0x00000000a5900000, 0x00000000a5900000, 0x00000000a5a00000|  0%| F|  |TAMS 0x00000000a5900000, 0x00000000a5900000| Untracked 
|  62|0x00000000a5a00000, 0x00000000a5a00000, 0x00000000a5b00000|  0%| F|  |TAMS 0x00000000a5a00000, 0x00000000a5a00000| Untracked 
|  63|0x00000000a5b00000, 0x00000000a5b00000, 0x00000000a5c00000|  0%| F|  |TAMS 0x00000000a5b00000, 0x00000000a5b00000| Untracked 
|  64|0x00000000a5c00000, 0x00000000a5c00000, 0x00000000a5d00000|  0%| F|  |TAMS 0x00000000a5c00000, 0x00000000a5c00000| Untracked 
|  65|0x00000000a5d00000, 0x00000000a5d00000, 0x00000000a5e00000|  0%| F|  |TAMS 0x00000000a5d00000, 0x00000000a5d00000| Untracked 
|  66|0x00000000a5e00000, 0x00000000a5e00000, 0x00000000a5f00000|  0%| F|  |TAMS 0x00000000a5e00000, 0x00000000a5e00000| Untracked 
|  67|0x00000000a5f00000, 0x00000000a5f00000, 0x00000000a6000000|  0%| F|  |TAMS 0x00000000a5f00000, 0x00000000a5f00000| Untracked 
|  68|0x00000000a6000000, 0x00000000a6000000, 0x00000000a6100000|  0%| F|  |TAMS 0x00000000a6000000, 0x00000000a6000000| Untracked 
|  69|0x00000000a6100000, 0x00000000a6100000, 0x00000000a6200000|  0%| F|  |TAMS 0x00000000a6100000, 0x00000000a6100000| Untracked 
|  70|0x00000000a6200000, 0x00000000a6200000, 0x00000000a6300000|  0%| F|  |TAMS 0x00000000a6200000, 0x00000000a6200000| Untracked 
|  71|0x00000000a6300000, 0x00000000a6300000, 0x00000000a6400000|  0%| F|  |TAMS 0x00000000a6300000, 0x00000000a6300000| Untracked 
|  72|0x00000000a6400000, 0x00000000a6400000, 0x00000000a6500000|  0%| F|  |TAMS 0x00000000a6400000, 0x00000000a6400000| Untracked 
|  73|0x00000000a6500000, 0x00000000a6500000, 0x00000000a6600000|  0%| F|  |TAMS 0x00000000a6500000, 0x00000000a6500000| Untracked 
|  74|0x00000000a6600000, 0x00000000a6600000, 0x00000000a6700000|  0%| F|  |TAMS 0x00000000a6600000, 0x00000000a6600000| Untracked 
|  75|0x00000000a6700000, 0x00000000a6700000, 0x00000000a6800000|  0%| F|  |TAMS 0x00000000a6700000, 0x00000000a6700000| Untracked 
|  76|0x00000000a6800000, 0x00000000a6800000, 0x00000000a6900000|  0%| F|  |TAMS 0x00000000a6800000, 0x00000000a6800000| Untracked 
|  77|0x00000000a6900000, 0x00000000a6900000, 0x00000000a6a00000|  0%| F|  |TAMS 0x00000000a6900000, 0x00000000a6900000| Untracked 
|  78|0x00000000a6a00000, 0x00000000a6a00000, 0x00000000a6b00000|  0%| F|  |TAMS 0x00000000a6a00000, 0x00000000a6a00000| Untracked 
|  79|0x00000000a6b00000, 0x00000000a6b00000, 0x00000000a6c00000|  0%| F|  |TAMS 0x00000000a6b00000, 0x00000000a6b00000| Untracked 
|  80|0x00000000a6c00000, 0x00000000a6c00000, 0x00000000a6d00000|  0%| F|  |TAMS 0x00000000a6c00000, 0x00000000a6c00000| Untracked 
|  81|0x00000000a6d00000, 0x00000000a6d00000, 0x00000000a6e00000|  0%| F|  |TAMS 0x00000000a6d00000, 0x00000000a6d00000| Untracked 
|  82|0x00000000a6e00000, 0x00000000a6e00000, 0x00000000a6f00000|  0%| F|  |TAMS 0x00000000a6e00000, 0x00000000a6e00000| Untracked 
|  83|0x00000000a6f00000, 0x00000000a6f00000, 0x00000000a7000000|  0%| F|  |TAMS 0x00000000a6f00000, 0x00000000a6f00000| Untracked 
|  84|0x00000000a7000000, 0x00000000a7000000, 0x00000000a7100000|  0%| F|  |TAMS 0x00000000a7000000, 0x00000000a7000000| Untracked 
|  85|0x00000000a7100000, 0x00000000a7100000, 0x00000000a7200000|  0%| F|  |TAMS 0x00000000a7100000, 0x00000000a7100000| Untracked 
|  86|0x00000000a7200000, 0x00000000a7200000, 0x00000000a7300000|  0%| F|  |TAMS 0x00000000a7200000, 0x00000000a7200000| Untracked 
|  87|0x00000000a7300000, 0x00000000a7300000, 0x00000000a7400000|  0%| F|  |TAMS 0x00000000a7300000, 0x00000000a7300000| Untracked 
|  88|0x00000000a7400000, 0x00000000a7400000, 0x00000000a7500000|  0%| F|  |TAMS 0x00000000a7400000, 0x00000000a7400000| Untracked 
|  89|0x00000000a7500000, 0x00000000a7500000, 0x00000000a7600000|  0%| F|  |TAMS 0x00000000a7500000, 0x00000000a7500000| Untracked 
|  90|0x00000000a7600000, 0x00000000a7600000, 0x00000000a7700000|  0%| F|  |TAMS 0x00000000a7600000, 0x00000000a7600000| Untracked 
|  91|0x00000000a7700000, 0x00000000a7700000, 0x00000000a7800000|  0%| F|  |TAMS 0x00000000a7700000, 0x00000000a7700000| Untracked 
|  92|0x00000000a7800000, 0x00000000a7800000, 0x00000000a7900000|  0%| F|  |TAMS 0x00000000a7800000, 0x00000000a7800000| Untracked 
|  93|0x00000000a7900000, 0x00000000a79d79d0, 0x00000000a7a00000| 84%| E|  |TAMS 0x00000000a7900000, 0x00000000a7900000| Complete 
|  94|0x00000000a7a00000, 0x00000000a7b00000, 0x00000000a7b00000|100%| E|CS|TAMS 0x00000000a7a00000, 0x00000000a7a00000| Complete 
|  95|0x00000000a7b00000, 0x00000000a7c00000, 0x00000000a7c00000|100%| E|CS|TAMS 0x00000000a7b00000, 0x00000000a7b00000| Complete 

Card table byte_map: [0x000001bf4c860000,0x000001bf4cb60000] _byte_map_base: 0x000001bf4c352000

Marking Bits (Prev, Next): (CMBitMap*) 0x000001bf34de82d8, (CMBitMap*) 0x000001bf34de8310
 Prev Bits: [0x000001bf4ce60000, 0x000001bf4e5f0000)
 Next Bits: [0x000001bf4e5f0000, 0x000001bf4fd80000)

Polling page: 0x000001bf32b40000

Metaspace:

Usage:
  Non-class:      6.00 MB capacity,     5.94 MB (>99%) used,    50.97 KB ( <1%) free+waste,     4.44 KB ( <1%) overhead. 
      Class:    643.00 KB capacity,   579.68 KB ( 90%) used,    61.13 KB ( 10%) free+waste,     2.19 KB ( <1%) overhead. 
       Both:      6.63 MB capacity,     6.51 MB ( 98%) used,   112.10 KB (  2%) free+waste,     6.62 KB ( <1%) overhead. 

Virtual space:
  Non-class space:        8.00 MB reserved,       6.00 MB ( 75%) committed 
      Class space:        1.00 GB reserved,     768.00 KB ( <1%) committed 
             Both:        1.01 GB reserved,       6.75 MB ( <1%) committed 

Chunk freelists:
   Non-Class:  1.00 KB
       Class:  29.00 KB
        Both:  30.00 KB

MaxMetaspaceSize: 17179869184.00 GB
CompressedClassSpaceSize: 1.00 GB
Initial GC threshold: 20.80 MB
Current GC threshold: 20.80 MB
CDS: off

CodeHeap 'non-profiled nmethods': size=120064Kb used=99Kb max_used=99Kb free=119964Kb
 bounds [0x000001bf45020000, 0x000001bf45290000, 0x000001bf4c560000]
CodeHeap 'profiled nmethods': size=120000Kb used=364Kb max_used=364Kb free=119635Kb
 bounds [0x000001bf3daf0000, 0x000001bf3dd60000, 0x000001bf45020000]
CodeHeap 'non-nmethods': size=5696Kb used=1097Kb max_used=1120Kb free=4598Kb
 bounds [0x000001bf3d560000, 0x000001bf3d7d0000, 0x000001bf3daf0000]
 total_blobs=665 nmethods=324 adapters=254
 compilation: enabled
              stopped_count=0, restarted_count=0
 full_count=0

Compilation events (20 events):
Event: 0.238 Thread 0x000001bf52d5c800  316       4       java.util.zip.ZipFile$Source::getEntryNext (9 bytes)
Event: 0.239 Thread 0x000001bf52270000 nmethod 314 0x000001bf3db46d90 code [0x000001bf3db47060, 0x000001bf3db47ec8]
Event: 0.239 Thread 0x000001bf52270000  317       3       java.util.zip.ZipFile$Source::getEntryPos (206 bytes)
Event: 0.239 Thread 0x000001bf52d5c800 nmethod 316 0x000001bf45038290 code [0x000001bf45038420, 0x000001bf450384b8]
Event: 0.239 Thread 0x000001bf5226b000 nmethod 315 0x000001bf45038590 code [0x000001bf45038720, 0x000001bf450387b8]
Event: 0.240 Thread 0x000001bf52270000 nmethod 317 0x000001bf3db48410 code [0x000001bf3db486a0, 0x000001bf3db49408]
Event: 0.241 Thread 0x000001bf52270000  318       3       sun.nio.cs.SingleByte$Encoder::encode (32 bytes)
Event: 0.242 Thread 0x000001bf52270000 nmethod 318 0x000001bf3db49a90 code [0x000001bf3db49c40, 0x000001bf3db49df8]
Event: 0.242 Thread 0x000001bf52270000  319       3       java.util.Collections$UnmodifiableCollection$1::next (10 bytes)
Event: 0.242 Thread 0x000001bf52270000 nmethod 319 0x000001bf3db49f10 code [0x000001bf3db4a0c0, 0x000001bf3db4a288]
Event: 0.242 Thread 0x000001bf52270000  320       1       java.nio.Buffer::position (5 bytes)
Event: 0.242 Thread 0x000001bf52270000 nmethod 320 0x000001bf45038890 code [0x000001bf45038a40, 0x000001bf45038af8]
Event: 0.243 Thread 0x000001bf52270000  321       1       java.nio.Buffer::limit (5 bytes)
Event: 0.243 Thread 0x000001bf52270000 nmethod 321 0x000001bf45038b90 code [0x000001bf45038d40, 0x000001bf45038df8]
Event: 0.244 Thread 0x000001bf52270000  322       3       java.nio.Buffer::position (52 bytes)
Event: 0.244 Thread 0x000001bf52270000 nmethod 322 0x000001bf3db4a390 code [0x000001bf3db4a560, 0x000001bf3db4a7c8]
Event: 0.244 Thread 0x000001bf52270000  323       3       java.nio.ByteBuffer::arrayOffset (35 bytes)
Event: 0.244 Thread 0x000001bf52270000 nmethod 323 0x000001bf3db4a890 code [0x000001bf3db4aa60, 0x000001bf3db4acd8]
Event: 0.244 Thread 0x000001bf52270000  324       3       java.nio.CharBuffer::arrayOffset (35 bytes)
Event: 0.245 Thread 0x000001bf52270000 nmethod 324 0x000001bf3db4ae10 code [0x000001bf3db4afe0, 0x000001bf3db4b258]

GC Heap History (0 events):
No events

Deoptimization events (12 events):
Event: 0.147 Thread 0x000001bf34db1800 Uncommon trap: trap_request=0xffffff4d fr.pc=0x000001bf45028c2c relative=0x000000000000018c
Event: 0.147 Thread 0x000001bf34db1800 Uncommon trap: reason=unstable_if action=reinterpret pc=0x000001bf45028c2c method=java.lang.String.hashCode()I @ 22 c2
Event: 0.147 Thread 0x000001bf34db1800 DEOPT PACKING pc=0x000001bf45028c2c sp=0x00000017a88fe820
Event: 0.147 Thread 0x000001bf34db1800 DEOPT UNPACKING pc=0x000001bf3d5aa1af sp=0x00000017a88fe7a8 mode 2
Event: 0.148 Thread 0x000001bf34db1800 Uncommon trap: trap_request=0xffffff4d fr.pc=0x000001bf45029fa8 relative=0x0000000000000188
Event: 0.148 Thread 0x000001bf34db1800 Uncommon trap: reason=unstable_if action=reinterpret pc=0x000001bf45029fa8 method=java.lang.String.equals(Ljava/lang/Object;)Z @ 27 c2
Event: 0.148 Thread 0x000001bf34db1800 DEOPT PACKING pc=0x000001bf45029fa8 sp=0x00000017a88fe900
Event: 0.148 Thread 0x000001bf34db1800 DEOPT UNPACKING pc=0x000001bf3d5aa1af sp=0x00000017a88fe8a0 mode 2
Event: 0.191 Thread 0x000001bf34db1800 DEOPT PACKING pc=0x000001bf3db28fbb sp=0x00000017a88fab60
Event: 0.191 Thread 0x000001bf34db1800 DEOPT UNPACKING pc=0x000001bf3d5aa95e sp=0x00000017a88fa030 mode 0
Event: 0.192 Thread 0x000001bf34db1800 DEOPT PACKING pc=0x000001bf3db28fbb sp=0x00000017a88fab60
Event: 0.192 Thread 0x000001bf34db1800 DEOPT UNPACKING pc=0x000001bf3d5aa95e sp=0x00000017a88fa030 mode 0

Classes redefined (0 events):
No events

Internal exceptions (2 events):
Event: 0.241 Thread 0x000001bf34db1800 Exception <a 'java/io/FileNotFoundException'{0x00000000a79c1888}> (0x00000000a79c1888) thrown at [s\src\hotspot\share\prims\jni.cpp, line 617]
Event: 0.243 Thread 0x000001bf34db1800 Exception <a 'java/lang/reflect/InvocationTargetException'{0x00000000a79c7ac8}> (0x00000000a79c7ac8) thrown at [s\src\hotspot\share\runtime\reflection.cpp, line 1245]

Events (20 events):
Event: 0.236 loading class org/jacoco/agent/rt/internal_43f5073/core/runtime/AbstractRuntime
Event: 0.236 loading class org/jacoco/agent/rt/internal_43f5073/core/runtime/AbstractRuntime done
Event: 0.237 loading class org/jacoco/agent/rt/internal_43f5073/Agent$2
Event: 0.237 loading class org/jacoco/agent/rt/internal_43f5073/Agent$2 done
Event: 0.238 loading class java/lang/NoSuchFieldError
Event: 0.238 loading class java/lang/IncompatibleClassChangeError
Event: 0.238 loading class java/lang/IncompatibleClassChangeError done
Event: 0.238 loading class java/lang/NoSuchFieldError done
Event: 0.238 loading class org/jacoco/agent/rt/internal_43f5073/output/FileOutput
Event: 0.238 loading class org/jacoco/agent/rt/internal_43f5073/output/FileOutput done
Event: 0.241 loading class java/io/FileNotFoundException
Event: 0.241 loading class java/io/FileNotFoundException done
Event: 0.241 loading class java/lang/Throwable$WrappedPrintStream
Event: 0.241 loading class java/lang/Throwable$PrintStreamOrWriter
Event: 0.241 loading class java/lang/Throwable$PrintStreamOrWriter done
Event: 0.241 loading class java/lang/Throwable$WrappedPrintStream done
Event: 0.241 loading class java/lang/StackTraceElement$HashedModules
Event: 0.242 loading class java/lang/StackTraceElement$HashedModules done
Event: 0.243 loading class java/lang/reflect/InvocationTargetException
Event: 0.243 loading class java/lang/reflect/InvocationTargetException done


Dynamic libraries:
0x00007ff721820000 - 0x00007ff72182e000 	C:\Users\Стас\.jdks\corretto-11.0.25\bin\java.exe
0x00007ffb0a430000 - 0x00007ffb0a628000 	C:\WINDOWS\SYSTEM32\ntdll.dll
0x00007ffb09590000 - 0x00007ffb09652000 	C:\WINDOWS\System32\KERNEL32.DLL
0x00007ffb07df0000 - 0x00007ffb080ee000 	C:\WINDOWS\System32\KERNELBASE.dll
0x00007ffb08350000 - 0x00007ffb08450000 	C:\WINDOWS\System32\ucrtbase.dll
0x00007ffafaeb0000 - 0x00007ffafaecb000 	C:\Users\Стас\.jdks\corretto-11.0.25\bin\VCRUNTIME140.dll
0x00007ffafaed0000 - 0x00007ffafaee7000 	C:\Users\Стас\.jdks\corretto-11.0.25\bin\jli.dll
0x00007ffb09180000 - 0x00007ffb0931d000 	C:\WINDOWS\System32\USER32.dll
0x00007ffaf32f0000 - 0x00007ffaf358a000 	C:\WINDOWS\WinSxS\amd64_microsoft.windows.common-controls_6595b64144ccf1df_6.0.19041.4355_none_60b8b9eb71f62e16\COMCTL32.dll
0x00007ffb07dc0000 - 0x00007ffb07de2000 	C:\WINDOWS\System32\win32u.dll
0x00007ffb097a0000 - 0x00007ffb0983e000 	C:\WINDOWS\System32\msvcrt.dll
0x00007ffb086d0000 - 0x00007ffb086fb000 	C:\WINDOWS\System32\GDI32.dll
0x00007ffb07ad0000 - 0x00007ffb07be7000 	C:\WINDOWS\System32\gdi32full.dll
0x00007ffb081b0000 - 0x00007ffb0824d000 	C:\WINDOWS\System32\msvcp_win.dll
0x00007ffb08700000 - 0x00007ffb0872f000 	C:\WINDOWS\System32\IMM32.DLL
0x00007ffb02c00000 - 0x00007ffb02c0c000 	C:\Users\Стас\.jdks\corretto-11.0.25\bin\vcruntime140_1.dll
0x00007ffada6b0000 - 0x00007ffada73d000 	C:\Users\Стас\.jdks\corretto-11.0.25\bin\msvcp140.dll
0x00007ffac6eb0000 - 0x00007ffac7a75000 	C:\Users\Стас\.jdks\corretto-11.0.25\bin\server\jvm.dll
0x00007ffb094d0000 - 0x00007ffb09581000 	C:\WINDOWS\System32\ADVAPI32.dll
0x00007ffb09380000 - 0x00007ffb0941f000 	C:\WINDOWS\System32\sechost.dll
0x00007ffb08450000 - 0x00007ffb08573000 	C:\WINDOWS\System32\RPCRT4.dll
0x00007ffb080f0000 - 0x00007ffb08117000 	C:\WINDOWS\System32\bcrypt.dll
0x00007ffb09660000 - 0x00007ffb096cb000 	C:\WINDOWS\System32\WS2_32.dll
0x00007ffb09930000 - 0x00007ffb09938000 	C:\WINDOWS\System32\PSAPI.DLL
0x00007ffaec440000 - 0x00007ffaec467000 	C:\WINDOWS\SYSTEM32\WINMM.dll
0x00007ffafd800000 - 0x00007ffafd80a000 	C:\WINDOWS\SYSTEM32\VERSION.dll
0x00007ffb062f0000 - 0x00007ffb06302000 	C:\WINDOWS\SYSTEM32\kernel.appcore.dll
0x00007ffb00d70000 - 0x00007ffb00d80000 	C:\Users\Стас\.jdks\corretto-11.0.25\bin\verify.dll
0x00007ffb05840000 - 0x00007ffb05a24000 	C:\WINDOWS\SYSTEM32\DBGHELP.DLL
0x00007ffaf4bd0000 - 0x00007ffaf4c04000 	C:\WINDOWS\SYSTEM32\dbgcore.DLL
0x00007ffb08120000 - 0x00007ffb081a2000 	C:\WINDOWS\System32\bcryptPrimitives.dll
0x00007ffaf8360000 - 0x00007ffaf8388000 	C:\Users\Стас\.jdks\corretto-11.0.25\bin\java.dll
0x00007ffb00d30000 - 0x00007ffb00d3a000 	C:\Users\Стас\.jdks\corretto-11.0.25\bin\jimage.dll
0x00007ffb03170000 - 0x00007ffb0317e000 	C:\Users\Стас\.jdks\corretto-11.0.25\bin\instrument.dll
0x00007ffaf3b40000 - 0x00007ffaf3b58000 	C:\Users\Стас\.jdks\corretto-11.0.25\bin\zip.dll
0x00007ffb08860000 - 0x00007ffb08fcd000 	C:\WINDOWS\System32\SHELL32.dll
0x00007ffb05b30000 - 0x00007ffb062d4000 	C:\WINDOWS\SYSTEM32\windows.storage.dll
0x00007ffb09a70000 - 0x00007ffb09dc3000 	C:\WINDOWS\System32\combase.dll
0x00007ffb07500000 - 0x00007ffb0752e000 	C:\WINDOWS\SYSTEM32\Wldp.dll
0x00007ffb096d0000 - 0x00007ffb0979d000 	C:\WINDOWS\System32\OLEAUT32.dll
0x00007ffb09420000 - 0x00007ffb094cd000 	C:\WINDOWS\System32\SHCORE.dll
0x00007ffb09320000 - 0x00007ffb09375000 	C:\WINDOWS\System32\shlwapi.dll
0x00007ffb07a00000 - 0x00007ffb07a24000 	C:\WINDOWS\SYSTEM32\profapi.dll
0x00007ffaf3b20000 - 0x00007ffaf3b39000 	C:\Users\Стас\.jdks\corretto-11.0.25\bin\net.dll
0x00007ffb00a40000 - 0x00007ffb00b4d000 	C:\WINDOWS\SYSTEM32\WINHTTP.dll
0x00007ffb07260000 - 0x00007ffb072ca000 	C:\WINDOWS\system32\mswsock.dll
0x00007ffaf1950000 - 0x00007ffaf1962000 	C:\Users\Стас\.jdks\corretto-11.0.25\bin\nio.dll
0x00007ffb00650000 - 0x00007ffb00667000 	C:\WINDOWS\system32\napinsp.dll
0x00007ffb00610000 - 0x00007ffb0062b000 	C:\WINDOWS\system32\pnrpnsp.dll
0x00007ffb02c40000 - 0x00007ffb02c55000 	C:\WINDOWS\system32\wshbth.dll
0x00007ffb03760000 - 0x00007ffb0377d000 	C:\WINDOWS\system32\NLAapi.dll
0x00007ffb06ef0000 - 0x00007ffb06f2b000 	C:\WINDOWS\SYSTEM32\IPHLPAPI.DLL
0x00007ffb06f30000 - 0x00007ffb06ffa000 	C:\WINDOWS\SYSTEM32\DNSAPI.dll
0x00007ffb098c0000 - 0x00007ffb098c8000 	C:\WINDOWS\System32\NSI.dll
0x00007ffaffde0000 - 0x00007ffaffdf2000 	C:\WINDOWS\System32\winrnr.dll
0x0000000063220000 - 0x0000000063246000 	C:\Program Files\Bonjour\mdnsNSP.dll
0x00007ffaff3b0000 - 0x00007ffaff3ba000 	C:\Windows\System32\rasadhlp.dll
0x00007ffaf5eb0000 - 0x00007ffaf5f30000 	C:\WINDOWS\System32\fwpuclnt.dll

dbghelp: loaded successfully - version: 4.0.5 - missing functions: none
symbol engine: initialized successfully - sym options: 0x614 - pdb path: .;C:\Users\Стас\.jdks\corretto-11.0.25\bin;C:\WINDOWS\SYSTEM32;C:\WINDOWS\WinSxS\amd64_microsoft.windows.common-controls_6595b64144ccf1df_6.0.19041.4355_none_60b8b9eb71f62e16;C:\Users\Стас\.jdks\corretto-11.0.25\bin\server;C:\Program Files\Bonjour

VM Arguments:
jvm_args: -javaagent:C:\\Users\\Стас\\.m2\\repository\\org\\jacoco\\org.jacoco.agent\\0.8.5\\org.jacoco.agent-0.8.5-runtime.jar=destfile=C:\\Users\\Стас\\IdeaProjects\\mymvn4\\target\\jacoco.exec 
java_command: C:\Users\91AF~1\AppData\Local\Temp\surefire13454722467756313599\surefirebooter8062098322310319614.jar C:\Users\Стас\AppData\Local\Temp\surefire13454722467756313599 2025-01-11T17-25-19_655-jvmRun1 surefire9939060725198411100tmp surefire_015868051986115780309tmp
java_class_path (initial): C:\Users\91AF~1\AppData\Local\Temp\surefire13454722467756313599\surefirebooter8062098322310319614.jar
Launcher Type: SUN_STANDARD

[Global flags]
     intx CICompilerCount                          = 3                                         {product} {ergonomic}
     uint ConcGCThreads                            = 1                                         {product} {ergonomic}
     uint G1ConcRefinementThreads                  = 4                                         {product} {ergonomic}
   size_t G1HeapRegionSize                         = 1048576                                   {product} {ergonomic}
    uintx GCDrainStackTargetSize                   = 64                                        {product} {ergonomic}
   size_t InitialHeapSize                          = 100663296                                 {product} {ergonomic}
   size_t MarkStackSize                            = 4194304                                   {product} {ergonomic}
   size_t MaxHeapSize                              = 1581252608                                {product} {ergonomic}
   size_t MaxNewSize                               = 947912704                                 {product} {ergonomic}
   size_t MinHeapDeltaBytes                        = 1048576                                   {product} {ergonomic}
    uintx NonNMethodCodeHeapSize                   = 5830732                                {pd product} {ergonomic}
    uintx NonProfiledCodeHeapSize                  = 122913754                              {pd product} {ergonomic}
    uintx ProfiledCodeHeapSize                     = 122913754                              {pd product} {ergonomic}
    uintx ReservedCodeCacheSize                    = 251658240                              {pd product} {ergonomic}
     bool SegmentedCodeCache                       = true                                      {product} {ergonomic}
     bool UseCompressedClassPointers               = true                                 {lp64_product} {ergonomic}
     bool UseCompressedOops                        = true                                 {lp64_product} {ergonomic}
     bool UseG1GC                                  = true                                      {product} {ergonomic}
     bool UseLargePagesIndividualAllocation        = false                                  {pd product} {ergonomic}

Logging:
Log output configuration:
 #0: stdout all=warning uptime,level,tags
 #1: stderr all=off uptime,level,tags

Environment Variables:
PATH=C:\Program Files\Eclipse Adoptium\jdk-11.0.25.9-hotspot\bin;C:\Program Files (x86)\Intel\iCLS Client\;C:\Program Files\Intel\iCLS Client\;C:\WINDOWS\system32;C:\WINDOWS;C:\WINDOWS\System32\Wbem;C:\WINDOWS\System32\WindowsPowerShell\v1.0\;C:\Program Files (x86)\Intel\Intel(R) Management Engine Components\DAL;C:\Program Files\Intel\Intel(R) Management Engine Components\DAL;C:\Program Files (x86)\Intel\Intel(R) Management Engine Components\IPT;C:\Program Files\Intel\Intel(R) Management Engine Components\IPT;C:\WINDOWS\System32\OpenSSH\;C:\Program Files\Git\cmd;C:\Users\Стас\AppData\Local\Microsoft\WindowsApps;C:\Users\Стас\AppData\Local\Programs\Microsoft VS Code\bin
USERNAME=Стас
OS=Windows_NT
PROCESSOR_IDENTIFIER=Intel64 Family 6 Model 142 Stepping 9, GenuineIntel
TMP=C:\Users\91AF~1\AppData\Local\Temp
TEMP=C:\Users\91AF~1\AppData\Local\Temp



---------------  S Y S T E M  ---------------

OS: Windows 10 , 64 bit Build 19041 (10.0.19041.5198)
OS uptime: 2 days 21:48 hours

CPU:total 4 (initial active 4) (2 cores per cpu, 2 threads per core) family 6 model 142 stepping 9 microcode 0xb4, cmov, cx8, fxsr, mmx, sse, sse2, sse3, ssse3, sse4.1, sse4.2, popcnt, avx, avx2, aes, clmul, erms, 3dnowpref, lzcnt, ht, tsc, tscinvbit, bmi1, bmi2, adx, fma

Memory: 4k page, system-wide physical 6030M (613M free)
TotalPageFile size 9614M (AvailPageFile size 1535M)
current process WorkingSet (physical memory assigned to process): 38M, peak: 38M
current process commit charge ("private bytes"): 166M, peak: 166M

vm_info: OpenJDK 64-Bit Server VM (11.0.25+9-LTS) for windows-amd64 JRE (11.0.25+9-LTS), built on Oct 10 2024 00:01:59 by "Administrator" with MS VC++ 16.10 / 16.11 (VS2019)

END.
